N: 100
H: 20.000000
W: 20.000000
Separation: 0.050000
Separation Strength: 0.010000
Alignment Strength: 0.100000
Cohesion Strength: 0.010000
Max Velocity: 5.000000
Final Time: 0.005000
Delta t: 0.001000
Frame Delta t: 0.001000
Filename: 04-27-2022_15-43-41.out
#,vX,vY,pX,pY


t = 0.000000
0,2.313558,0.816834,3.872700,6.414376 
1,-3.955878,-1.361820,7.617409,3.756356 
2,-0.827201,-2.314073,0.767987,9.645965 
3,0.316706,-0.206777,0.687878,12.952319 
4,3.194696,3.777950,6.873760,19.765543 
5,0.239926,3.628930,2.608624,8.955702 
6,1.987382,0.196367,0.386937,19.670385 
7,-0.326307,1.281798,11.137501,16.496636 
8,0.877549,-0.260732,18.876983,13.975261 
9,-2.872734,1.385757,14.820745,3.830625 
10,0.389879,-0.361185,5.500827,1.504221 
11,-2.288494,-1.863269,16.438834,2.649551 
12,-1.419150,-4.388029,8.748329,7.398622 
13,-2.624237,3.110290,3.408338,14.288443 
14,1.241917,1.403300,16.436340,11.332396 
15,-0.108502,-3.617159,14.228988,4.564904 
16,3.682377,3.077170,0.431649,5.440144 
17,-0.872291,-1.056760,12.503974,18.761907 
18,1.252526,-0.717340,6.577858,2.012393 
19,-1.107847,0.662516,9.450063,8.103816 
20,-0.088820,0.107968,6.947496,18.660888 
21,-1.347794,1.612064,6.366768,2.647462 
22,-0.564851,0.314892,12.165315,5.104184 
23,1.529230,-1.053192,13.507993,5.368875 
24,-4.238749,-1.931879,11.962756,8.216473 
25,-1.489387,-2.863849,5.808669,14.585032 
26,-1.960816,-3.716897,1.574997,12.207943 
27,0.083826,0.132280,3.875515,19.833390 
28,0.803516,-0.789507,5.860656,9.010780 
29,0.466579,-0.046794,17.037365,7.395571 
30,-2.092067,-0.851052,5.877494,15.189284 
31,-0.035053,0.073093,10.162611,12.331496 
32,1.026495,4.276516,11.718867,12.753377 
33,-1.551073,-0.110433,10.426303,11.064851 
34,1.352593,-1.442675,10.559313,19.560837 
35,-2.749118,1.935482,18.796777,17.206786 
36,-0.042991,-0.099433,9.878172,11.918826 
37,-2.096742,4.106043,15.946853,17.291444 
38,1.571495,1.419163,8.365093,2.575006 
39,1.662689,-1.787278,7.443198,8.591282 
40,0.204088,-0.535279,8.739510,4.055899 
41,-0.496558,-0.932343,15.300716,4.457384 
42,1.529645,-2.132868,1.865420,6.022874 
43,2.310301,-2.339438,0.859195,13.434872 
44,1.035280,0.281059,18.912973,19.997437 
45,-4.327430,-1.374932,16.630360,7.579371 
46,0.246646,-0.107337,9.045162,6.199064 
47,0.537537,-2.915783,9.357176,6.198178 
48,0.072618,0.581201,6.815770,12.654702 
49,-1.076960,-2.295611,1.517460,10.092507 
50,0.125903,-0.412423,7.868605,10.873583 
51,1.366572,-2.389226,19.884705,11.364983 
52,-0.804045,2.054395,19.665084,15.683565 
53,-1.183605,1.142781,6.883272,14.154117 
54,-1.143983,0.467576,15.122084,10.016097 
55,-3.131700,3.653928,7.740823,5.005298 
56,3.794985,-1.894259,11.066766,19.187022 
57,2.751451,-2.131380,18.849246,12.673760 
58,4.078225,-2.584194,14.111164,17.103458 
59,-0.081078,0.468130,1.576755,16.018037 
60,2.805949,3.900095,0.997914,9.478045 
61,3.228692,-0.287539,8.483869,6.336838 
62,3.092180,3.149630,14.937088,8.892550 
63,-0.305212,0.289107,10.763921,1.625824 
64,3.868125,2.784392,13.667527,10.161712 
65,-1.021829,4.714657,18.068054,10.240011 
66,0.704248,0.907865,14.532877,15.120483 
67,-2.870323,1.876203,7.039898,12.251207 
68,-1.129465,-2.251870,17.708592,19.948166 
69,0.308212,0.607470,0.651146,5.314789 
70,0.226386,-0.255457,3.414765,8.674037 
71,4.280314,0.682108,10.823524,17.650474 
72,-2.493274,-1.564087,12.173275,0.670915 
73,-0.854714,-0.707527,0.610026,13.287188 
74,-3.718625,2.664299,6.766449,18.371955 
75,-1.483880,2.869767,0.971176,6.387136 
76,-0.172057,0.302963,19.602948,8.736509 
77,2.076012,0.124347,7.404976,1.953520 
78,1.572694,-1.272288,17.742448,7.155554 
79,-3.264947,-0.753252,13.200724,5.246000 
80,-0.048988,-1.476528,4.988299,16.656633 
81,-0.456816,-0.386147,17.204140,4.205908 
82,2.324197,-0.521170,10.173405,15.044700 
83,-1.178025,0.997590,6.583091,7.646064 
84,0.529882,-0.388571,16.219773,10.294943 
85,-3.729273,-0.160610,3.186743,18.182970 
86,-0.025316,-2.018130,6.086281,14.865075 
87,0.314851,-4.513984,7.122409,7.571739 
88,0.458533,-0.597761,11.833365,6.075573 
89,0.019111,1.579050,4.232885,16.680617 
90,1.181510,1.982973,16.591069,8.580874 
91,-1.205736,3.169163,14.458975,9.561710 
92,4.547740,1.712888,19.819244,0.722174 
93,-2.176011,1.717969,12.403367,11.671439 
94,0.904382,1.663449,1.675001,6.542446 
95,3.895224,1.460402,19.965840,3.966076 
96,3.117386,2.634948,2.553703,10.519634 
97,-3.552507,-2.284495,18.471172,16.540734 
98,0.170988,-2.788920,5.894798,10.036506 
99,-3.579830,0.693494,2.988573,12.601726 


t = 0.001000
0,2.371546,0.891246,3.875072,6.416747 
1,-3.929324,-1.322310,7.613480,3.752427 
2,-0.734594,-2.205662,0.767252,9.645230 
3,0.409060,-0.099918,0.688287,12.952728 
4,3.221753,3.818344,6.876982,19.768765 
5,0.313077,3.713259,2.608937,8.956015 
6,2.081283,0.305383,0.389019,19.672466 
7,-0.338565,1.282643,11.137162,16.496298 
8,0.785886,-0.335468,18.877769,13.976047 
9,-2.919730,1.350870,14.817826,3.827705 
10,0.433681,-0.300909,5.501261,1.504655 
11,-2.352428,-1.910910,16.436482,2.647199 
12,-1.406344,-4.356743,8.746922,7.397216 
13,-2.556262,3.186737,3.405782,14.285887 
14,1.174459,1.351567,16.437514,11.333570 
15,-0.152368,-3.641116,14.228835,4.564751 
16,3.774005,3.184312,0.435423,5.443918 
17,-0.897912,-1.067403,12.503076,18.761009 
18,1.284592,-0.667383,6.579143,2.013678 
19,-1.102376,0.681791,9.448961,8.102714 
20,-0.059094,0.151783,6.947437,18.660829 
21,-1.310901,1.661829,6.365457,2.646151 
22,-0.587283,0.307784,12.164727,5.103596 
23,1.491098,-1.072380,13.509484,5.370366 
24,-4.255485,-1.935033,11.958500,8.212218 
25,-1.446754,-2.805169,5.807222,14.583586 
26,-1.874901,-3.614719,1.573122,12.206068 
27,0.144525,0.206898,3.875660,19.833534 
28,0.843498,-0.732641,5.861500,9.011623 
29,0.394046,-0.102224,17.037759,7.395965 
30,-2.049363,-0.794914,5.875445,15.187235 
31,-0.037668,0.085791,10.162574,12.331458 
32,1.007085,4.269376,11.719874,12.754384 
33,-1.554843,-0.100053,10.424748,11.063296 
34,1.344543,-1.433127,10.560657,19.562182 
35,-2.836239,1.859491,18.793941,17.203950 
36,-0.042847,-0.083726,9.878130,11.918783 
37,-2.155823,4.056288,15.944697,17.289288 
38,1.585232,1.449376,8.366678,2.576592 
39,1.685660,-1.745184,7.444884,8.592968 
40,0.215461,-0.506912,8.739726,4.056114 
41,-0.550740,-0.969199,15.300165,4.456833 
42,1.609071,-2.034353,1.867029,6.024483 
43,2.399183,-2.231302,0.861594,13.437271 
44,0.943179,0.205457,18.913916,19.998381 
45,-4.391150,-1.424857,16.625969,7.574980 
46,0.254858,-0.082602,9.045416,6.199319 
47,0.542312,-2.891306,9.357719,6.198720 
48,0.103538,0.626932,6.815874,12.654806 
49,-0.991329,-2.193686,1.516468,10.091515 
50,0.146253,-0.375888,7.868751,10.873729 
51,1.264314,-2.470868,19.885969,11.366247 
52,-0.901995,1.969943,19.664182,15.682663 
53,-1.152161,1.187137,6.882120,14.152965 
54,-1.195768,0.430688,15.120889,10.014901 
55,-3.106971,3.688103,7.737716,5.002191 
56,3.779146,-1.889137,11.070545,19.190801 
57,2.658039,-2.203180,18.851904,12.676418 
58,4.031239,-2.608675,14.115195,17.107489 
59,0.002700,0.565995,1.576758,16.018040 
60,2.892743,4.001041,1.000807,9.480937 
61,3.239531,-0.256803,8.487109,6.340078 
62,3.037984,3.112135,14.940126,8.895588 
63,-0.313877,0.296930,10.763607,1.625510 
64,3.825906,2.759803,13.671353,10.165537 
65,-1.103601,4.644081,18.066950,10.238907 
66,0.656359,0.875922,14.533533,15.121140 
67,-2.838964,1.918470,7.037059,12.248368 
68,-1.207596,-2.312856,17.707384,19.946958 
69,0.400846,0.715587,0.651547,5.315190 
70,0.291281,-0.174335,3.415057,8.674329 
71,4.266344,0.687370,10.827791,17.654741 
72,-2.514049,-1.568332,12.170760,0.668401 
73,-0.760365,-0.598284,0.609265,13.286428 
74,-3.683474,2.708168,6.762766,18.368271 
75,-1.392413,2.972636,0.969784,6.385744 
76,-0.270023,0.221974,19.602678,8.736239 
77,2.098888,0.166121,7.407075,1.955619 
78,1.491683,-1.332960,17.743940,7.157046 
79,-3.295277,-0.768900,13.197429,5.242705 
80,0.000356,-1.410490,4.988300,16.656633 
81,-0.530403,-0.442044,17.203610,4.205377 
82,2.318744,-0.507775,10.175724,15.047018 
83,-1.143680,1.046115,6.581947,7.644921 
84,0.465197,-0.435231,16.220239,10.295409 
85,-3.658074,-0.078014,3.183085,18.179312 
86,0.012924,-1.962234,6.086294,14.865088 
87,0.342321,-4.465136,7.122751,7.572081 
88,0.438300,-0.599777,11.833804,6.076011 
89,0.076074,1.649766,4.232961,16.680694 
90,1.112526,1.930589,16.592182,8.581987 
91,-1.250841,3.136749,14.457724,9.560460 
92,4.442632,1.629203,19.823686,0.726616 
93,-2.199525,1.707247,12.401167,11.669239 
94,0.986101,1.760573,1.675987,6.543433 
95,3.789248,1.375181,19.969629,3.969866 
96,3.187969,2.721914,2.556891,10.522822 
97,-3.635897,-2.352254,18.467536,16.537098 
98,0.210786,-2.729817,5.895009,10.036717 
99,-3.506847,0.777942,2.985066,12.598219 


t = 0.002000
0,2.429637,0.967339,3.877501,6.419177 
1,-3.902572,-1.281019,7.609577,3.748524 
2,-0.641889,-2.095570,0.766610,9.644588 
3,0.501501,0.008613,0.688789,12.953230 
4,3.248934,3.860452,6.880231,19.772014 
5,0.386336,3.799289,2.609323,8.956401 
6,2.175253,0.416059,0.391194,19.674641 
7,-0.350623,1.285282,11.136811,16.495947 
8,0.694492,-0.408343,18.878464,13.976742 
9,-2.966463,1.317842,14.814859,3.824739 
10,0.477620,-0.238901,5.501739,1.505132 
11,-2.416087,-1.956681,16.434066,2.644783 
12,-1.393351,-4.323674,8.745529,7.395822 
13,-2.488144,3.264935,3.403294,14.283398 
14,1.107244,1.301679,16.438621,11.334678 
15,-0.196001,-3.663241,14.228639,4.564555 
16,3.865689,3.293115,0.439288,5.447784 
17,-0.923311,-1.076216,12.502153,18.760086 
18,1.316801,-0.615679,6.580459,2.014995 
19,-1.096712,0.702872,9.447864,8.101617 
20,-0.029210,0.197369,6.947407,18.660800 
21,-1.273844,1.713373,6.364183,2.644877 
22,-0.609498,0.302507,12.164118,5.102987 
23,1.453178,-1.089742,13.510937,5.371819 
24,-4.271973,-1.936319,11.954228,8.207946 
25,-1.403962,-2.744708,5.805818,14.582182 
26,-1.788864,-3.510798,1.571333,12.204279 
27,0.205351,0.283268,3.875865,19.833739 
28,0.883620,-0.674011,5.862383,9.012507 
29,0.321771,-0.155771,17.038081,7.396287 
30,-2.006492,-0.736979,5.873439,15.185229 
31,-0.040090,0.100312,10.162534,12.331418 
32,0.987875,4.264070,11.720862,12.755371 
33,-1.558402,-0.087829,10.423190,11.061738 
34,1.336678,-1.421762,10.561994,19.563519 
35,-2.923054,1.785447,18.791018,17.201027 
36,-0.042512,-0.066189,9.878087,11.918741 
37,-2.214632,4.008452,15.942482,17.287073 
38,1.599130,1.481391,8.368277,2.578191 
39,1.708782,-1.701300,7.446593,8.594676 
40,0.227013,-0.476724,8.739953,4.056341 
41,-0.604670,-1.004158,15.299560,4.456228 
42,1.688594,-1.934099,1.868718,6.026172 
43,2.488143,-2.121442,0.864082,13.439759 
44,0.851353,0.131781,18.914768,19.999232 
45,-4.454570,-1.472826,16.621514,7.570525 
46,0.263253,-0.056031,9.045680,6.199582 
47,0.547270,-2.864995,9.358266,6.199267 
48,0.134620,0.674483,6.816008,12.654940 
49,-0.905581,-2.089985,1.515563,10.090610 
50,0.166774,-0.337520,7.868918,10.873896 
51,1.162341,-2.550567,19.887132,11.367410 
52,-0.999643,1.887459,19.663183,15.681663 
53,-1.120543,1.233336,6.880999,14.151844 
54,-1.247294,0.395728,15.119641,10.013654 
55,-3.082041,3.724155,7.734634,4.999109 
56,3.763480,-1.882177,11.074309,19.194564 
57,2.564891,-2.273051,18.854469,12.678982 
58,3.984455,-2.631287,14.119180,17.111473 
59,0.086590,0.665648,1.576845,16.018126 
60,2.979615,4.103746,1.003787,9.483917 
61,3.250522,-0.224240,8.490359,6.343328 
62,2.984009,3.076541,14.943110,8.898572 
63,-0.322335,0.306643,10.763284,1.625188 
64,3.783887,2.737098,13.675137,10.169321 
65,-1.185083,4.575487,18.065765,10.237722 
66,0.608708,0.845905,14.534142,15.121748 
67,-2.807410,1.962625,7.034252,12.245560 
68,-1.285440,-2.371864,17.706099,19.945673 
69,0.493580,0.825497,0.652040,5.315683 
70,0.356305,-0.091390,3.415413,8.674685 
71,4.252543,0.694495,10.832043,17.658993 
72,-2.534581,-1.570636,12.168226,0.665866 
73,-0.665905,-0.487229,0.608599,13.285762 
74,-3.648124,2.753947,6.759118,18.364623 
75,-1.300826,3.077334,0.968483,6.384443 
76,-0.367689,0.142990,19.602310,8.735872 
77,2.121919,0.209754,7.409197,1.957741 
78,1.410938,-1.391663,17.745351,7.158457 
79,-3.325344,-0.782573,13.194104,5.239380 
80,0.049850,-1.342591,4.988350,16.656683 
81,-0.603709,-0.495950,17.203006,4.204773 
82,2.313474,-0.492486,10.178037,15.049332 
83,-1.109157,1.096536,6.580838,7.643812 
84,0.400773,-0.479913,16.220639,10.295809 
85,-3.586710,0.006473,3.179498,18.175725 
86,0.051327,-1.904456,6.086345,14.865139 
87,0.369960,-4.414400,7.123121,7.572451 
88,0.418284,-0.599853,11.834222,6.076429 
89,0.133180,1.722355,4.233095,16.680827 
90,1.043802,1.880193,16.593226,8.583031 
91,-1.295687,3.106330,14.456428,9.559164 
92,4.337789,1.547509,19.828024,0.730954 
93,-2.222790,1.698512,12.398945,11.667016 
94,1.067929,1.859545,1.677055,6.544500 
95,3.683544,1.291965,19.973312,3.973549 
96,3.258652,2.810720,2.560150,10.526081 
97,-3.718963,-2.417947,18.463817,16.533379 
98,0.250745,-2.668814,5.895259,10.036968 
99,-3.433699,0.864305,2.981632,12.594785 


t = 0.003000
0,2.487847,1.045297,3.879989,6.421665 
1,-3.875604,-1.237762,7.605702,3.744649 
2,-0.549067,-1.983613,0.766061,9.644039 
3,0.594048,0.119002,0.689383,12.953824 
4,3.276260,3.904459,6.883507,19.775290 
5,0.459721,3.887204,2.609783,8.956861 
6,2.269311,0.528578,0.393463,19.676910 
7,-0.362460,1.289903,11.136449,16.495585 
8,0.603389,-0.479169,18.879067,13.977345 
9,-3.012914,1.286863,14.811846,3.821726 
10,0.521715,-0.174975,5.502260,1.505654 
11,-2.479452,-2.000393,16.431586,2.642303 
12,-1.380151,-4.288634,8.744149,7.394442 
13,-2.419863,3.345072,3.400874,14.280979 
14,1.040292,1.253824,16.439662,11.335718 
15,-0.239381,-3.683345,14.228400,4.564316 
16,3.957449,3.403768,0.443246,5.451741 
17,-0.948468,-1.083011,12.501205,18.759138 
18,1.349171,-0.562037,6.581809,2.016344 
19,-1.090835,0.725947,9.446773,8.100526 
20,0.000852,0.244916,6.947408,18.660801 
21,-1.236604,1.766886,6.362946,2.643640 
22,-0.631476,0.299252,12.163486,5.102356 
23,1.415489,-1.105090,13.512353,5.373234 
24,-4.288192,-1.935546,11.949940,8.203658 
25,-1.360989,-2.682278,5.804457,14.580821 
26,-1.702687,-3.404947,1.569631,12.202576 
27,0.266322,0.361578,3.876131,19.834006 
28,0.923902,-0.613427,5.863307,9.013431 
29,0.249776,-0.207243,17.038331,7.396536 
30,-1.963434,-0.677056,5.871475,15.183265 
31,-0.042299,0.116847,10.162491,12.331376 
32,0.968885,4.260789,11.721831,12.756340 
33,-1.561732,-0.073569,10.421628,11.060176 
34,1.329018,-1.408387,10.563323,19.564848 
35,-3.009540,1.713545,18.788008,17.198017 
36,-0.041966,-0.046632,9.878045,11.918699 
37,-2.273148,3.962728,15.940209,17.284800 
38,1.613210,1.515400,8.369890,2.579804 
39,1.732075,-1.655432,7.448325,8.596408 
40,0.238762,-0.444521,8.740192,4.056580 
41,-0.658327,-1.037027,15.298902,4.455570 
42,1.768231,-1.831912,1.870486,6.027940 
43,2.577202,-2.009665,0.866659,13.442337 
44,0.759825,0.060226,18.915528,19.999992 
45,-4.517667,-1.518644,16.616997,7.566008 
46,0.271849,-0.027431,9.045952,6.199854 
47,0.552431,-2.836654,9.358818,6.199820 
48,0.165883,0.724048,6.816174,12.655106 
49,-0.819696,-1.984314,1.514743,10.089790 
50,0.187487,-0.297125,7.869106,10.874084 
51,1.060673,-2.628128,19.888192,11.368470 
52,-1.096968,1.807141,19.662086,15.680566 
53,-1.088731,1.281573,6.879911,14.150756 
54,-1.298541,0.362892,15.118343,10.012355 
55,-3.056891,3.762280,7.731577,4.996052 
56,3.748007,-1.873182,11.078057,19.198312 
57,2.472026,-2.340795,18.856941,12.681455 
58,3.937894,-2.651832,14.123117,17.115411 
59,0.170610,0.767287,1.577015,16.018297 
60,3.066586,4.208404,1.006853,9.486984 
61,3.261686,-0.189652,8.493621,6.346590 
62,2.930274,3.043044,14.946040,8.901502 
63,-0.330563,0.318443,10.762954,1.624857 
64,3.742090,2.716474,13.678879,10.173063 
65,-1.266253,4.509072,18.064499,10.236456 
66,0.561317,0.818013,14.534703,15.122310 
67,-2.775641,2.008866,7.031476,12.242785 
68,-1.362973,-2.428694,17.704736,19.944310 
69,0.586434,0.937398,0.652627,5.316270 
70,0.421479,-0.006423,3.415835,8.675106 
71,4.238931,0.703681,10.836282,17.663232 
72,-2.554846,-1.570798,12.165671,0.663311 
73,-0.571316,-0.374165,0.608028,13.285191 
74,-3.612553,2.801834,6.755505,18.361010 
75,-1.209099,3.184058,0.967274,6.383234 
76,-0.465032,0.066210,19.601845,8.735407 
77,2.145125,0.255445,7.411342,1.959886 
78,1.330480,-1.448195,17.746681,7.159787 
79,-3.355126,-0.794071,13.190749,5.236024 
80,0.099515,-1.272631,4.988449,16.656782 
81,-0.676715,-0.547663,17.202329,4.204097 
82,2.308407,-0.475100,10.180346,15.051640 
83,-1.074436,1.149055,6.579764,7.642737 
84,0.336632,-0.522415,16.220976,10.296146 
85,-3.515159,0.093052,3.175983,18.172210 
86,0.089912,-1.844594,6.086435,14.865229 
87,0.397791,-4.361573,7.123519,7.572849 
88,0.398506,-0.597786,11.834621,6.076828 
89,0.190449,1.797019,4.233285,16.681017 
90,0.975360,1.831990,16.594201,8.584006 
91,-1.340251,3.078109,14.455088,9.557824 
92,4.233230,1.468009,19.832257,0.735187 
93,-2.245785,1.691966,12.396699,11.664770 
94,1.149888,1.960566,1.678205,6.545650 
95,3.578133,1.210959,19.976891,3.977127 
96,3.329455,2.901568,2.563479,10.529410 
97,-3.801684,-2.481369,18.460016,16.529578 
98,0.290886,-2.605705,5.895550,10.037259 
99,-3.360365,0.952787,2.978272,12.591425 


t = 0.004000
0,2.546199,1.125325,3.882535,6.424211 
1,-3.848398,-1.192334,7.601853,3.740800 
2,-0.456107,-1.869585,0.765605,9.643583 
3,0.686722,0.231454,0.690070,12.954511 
4,3.303751,3.950570,6.886811,19.778594 
5,0.533254,3.977209,2.610316,8.957394 
6,2.363478,0.643148,0.395827,19.679274 
7,-0.374055,1.296711,11.136075,16.495211 
8,0.512599,-0.547739,18.879579,13.977858 
9,-3.059060,1.258137,14.808787,3.818667 
10,0.565988,-0.108923,5.502826,1.506220 
11,-2.542500,-2.041839,16.429044,2.639761 
12,-1.366723,-4.251416,8.742782,7.393075 
13,-2.351398,3.427354,3.398523,14.278627 
14,0.973625,1.208210,16.440635,11.336691 
15,-0.282486,-3.701221,14.228117,4.564034 
16,4.049305,3.516477,0.447295,5.455790 
17,-0.973361,-1.087579,12.500231,18.758164 
18,1.381723,-0.506251,6.583190,2.017726 
19,-1.084724,0.751225,9.445688,8.099442 
20,0.031112,0.294632,6.947439,18.660832 
21,-1.199159,1.822578,6.361747,2.642441 
22,-0.653196,0.298228,12.162833,5.101702 
23,1.378055,-1.118213,13.513731,5.374612 
24,-4.304120,-1.932505,11.945636,8.199354 
25,-1.317816,-2.617669,5.803139,14.579503 
26,-1.616349,-3.296954,1.568014,12.200960 
27,0.327461,0.442039,3.876459,19.834333 
28,0.964365,-0.550679,5.864272,9.014395 
29,0.178082,-0.256428,17.038509,7.396715 
30,-1.920168,-0.614935,5.869555,15.181345 
31,-0.044274,0.135607,10.162447,12.331332 
32,0.950136,4.259746,11.722781,12.757291 
33,-1.564811,-0.057061,10.420063,11.058611 
34,1.321586,-1.392791,10.564644,19.566169 
35,-3.095675,1.643996,18.784912,17.194921 
36,-0.041186,-0.024841,9.878004,11.918658 
37,-2.331348,3.919327,15.937878,17.282469 
38,1.627493,1.551616,8.371518,2.581431 
39,1.755562,-1.607368,7.450080,8.598164 
40,0.250732,-0.410092,8.740442,4.056831 
41,-0.711689,-1.067592,15.298190,4.454858 
42,1.848005,-1.727580,1.872334,6.029788 
43,2.666378,-1.895758,0.869326,13.445003 
44,0.668616,-0.008994,18.916196,20.000660 
45,-4.580419,-1.562098,16.612416,7.561427 
46,0.280670,0.003414,9.046232,6.200135 
47,0.557817,-2.806069,9.359376,6.200378 
48,0.197348,0.775841,6.816372,12.655304 
49,-0.733654,-1.876460,1.514010,10.089056 
50,0.208413,-0.254489,7.869314,10.874292 
51,0.959333,-2.703335,19.889152,11.369430 
52,-1.193946,1.729204,19.660892,15.679373 
53,-1.056703,1.332064,6.878854,14.149699 
54,-1.349485,0.332395,15.116993,10.011006 
55,-3.031496,3.802693,7.728545,4.993020 
56,3.732750,-1.861935,11.081789,19.202045 
57,2.379468,-2.406194,18.859321,12.683834 
58,3.891579,-2.670093,14.127009,17.119303 
59,0.254782,0.871126,1.577270,16.018552 
60,3.153677,4.315234,1.010007,9.490137 
61,3.273044,-0.152822,8.496894,6.349863 
62,2.876803,3.011864,14.948917,8.904379 
63,-0.338541,0.332550,10.762615,1.624519 
64,3.700537,2.698150,13.682580,10.176764 
65,-1.347088,4.445056,18.063152,10.235109 
66,0.514209,0.792466,14.535218,15.122824 
67,-2.743636,2.057413,7.028732,12.240041 
68,-1.440174,-2.483126,17.703296,19.942870 
69,0.679430,1.051509,0.653306,5.316949 
70,0.486824,0.080786,3.416321,8.675593 
71,4.225533,0.715147,10.840508,17.667458 
72,-2.574824,-1.568598,12.163096,0.660736 
73,-0.476574,-0.258870,0.607551,13.284714 
74,-3.576739,2.852049,6.751929,18.357434 
75,-1.117210,3.293030,0.966156,6.382116 
76,-0.562030,-0.008142,19.601283,8.734845 
77,2.168529,0.303416,7.413511,1.962055 
78,1.250333,-1.502333,17.747931,7.161038 
79,-3.384601,-0.803171,13.187364,5.232640 
80,0.149372,-1.200387,4.988598,16.656932 
81,-0.749396,-0.596960,17.201580,4.203347 
82,2.303566,-0.455396,10.182649,15.053944 
83,-1.039495,1.203892,6.578724,7.641698 
84,0.272797,-0.562514,16.221249,10.296419 
85,-3.443400,0.181945,3.172539,18.168767 
86,0.128703,-1.782425,6.086564,14.865358 
87,0.425834,-4.306432,7.123945,7.573275 
88,0.378991,-0.593351,11.835000,6.077207 
89,0.247905,1.873981,4.233533,16.681265 
90,0.907224,1.786203,16.595108,8.584913 
91,-1.384510,3.052311,14.453703,9.556439 
92,4.128982,1.390930,19.836386,0.739316 
93,-2.268487,1.687835,12.394430,11.662502 
94,1.232000,2.063861,1.679437,6.546882 
95,3.473040,1.132389,19.980364,3.980600 
96,3.400401,2.994683,2.566880,10.532811 
97,-3.884034,-2.542293,18.456131,16.525694 
98,0.331232,-2.540266,5.895882,10.037590 
99,-3.286823,1.043613,2.974985,12.588138 


t = 0.005000
0,2.604716,1.207648,3.885140,6.426816 
1,-3.820932,-1.144508,7.598032,3.736980 
2,-0.362987,-1.753261,0.765242,9.643220 
3,0.779544,0.346194,0.690849,12.955290 
4,3.331430,3.999013,6.890143,19.781925 
5,0.606957,4.069532,2.610923,8.958001 
6,2.457775,0.759994,0.398284,19.681732 
7,-0.385384,1.305934,11.135689,16.494825 
8,0.422145,-0.613824,18.880002,13.978280 
9,-3.104878,1.231895,14.805682,3.815562 
10,0.610461,-0.040518,5.503437,1.506831 
11,-2.605207,-2.080789,16.426439,2.637155 
12,-1.353043,-4.211791,8.741429,7.391722 
13,-2.282727,3.512009,3.396240,14.276344 
14,0.907268,1.165069,16.441542,11.337599 
15,-0.325293,-3.716638,14.227792,4.563708 
16,4.141280,3.631473,0.451436,5.459932 
17,-0.997967,-1.089690,12.499233,18.757166 
18,1.414482,-0.448090,6.584605,2.019140 
19,-1.078354,0.778935,9.444610,8.098363 
20,0.061596,0.346747,6.947501,18.660893 
21,-1.161486,1.880677,6.360586,2.641280 
22,-0.674633,0.299666,12.162159,5.101028 
23,1.340899,-1.128878,13.515072,5.375953 
24,-4.319735,-1.926963,11.941316,8.195034 
25,-1.274418,-2.550650,5.801865,14.578229 
26,-1.529826,-3.186589,1.566484,12.199430 
27,0.388789,0.524882,3.876848,19.834722 
28,1.005034,-0.485534,5.865277,9.015400 
29,0.106715,-0.303094,17.038615,7.396821 
30,-1.876670,-0.550382,5.867678,15.179468 
31,-0.045990,0.156826,10.162401,12.331286 
32,0.931652,4.261174,11.723713,12.758222 
33,-1.567613,-0.038073,10.418496,11.057044 
34,1.314404,-1.374739,10.565959,19.567484 
35,-3.181435,1.577035,18.781731,17.191740 
36,-0.040150,-0.000581,9.877964,11.918617 
37,-2.389208,3.878487,15.935489,17.280080 
38,1.642004,1.590274,8.373160,2.583073 
39,1.779265,-1.556873,7.451860,8.599943 
40,0.262945,-0.373201,8.740705,4.057094 
41,-0.764730,-1.095616,15.297425,4.454094 
42,1.927938,-1.620867,1.874262,6.031716 
43,2.755698,-1.779486,0.872082,13.447759 
44,0.577752,-0.075641,18.916774,20.001238 
45,-4.642802,-1.602949,16.607774,7.556784 
46,0.289740,0.036739,9.046522,6.200425 
47,0.563453,-2.773004,9.359940,6.200941 
48,0.229041,0.830100,6.816601,12.655533 
49,-0.647429,-1.766184,1.513362,10.088409 
50,0.229578,-0.209373,7.869544,10.874522 
51,0.858348,-2.775948,19.890010,11.370288 
52,-1.290552,1.653887,19.659601,15.678082 
53,-1.024434,1.385048,6.877829,14.148674 
54,-1.400101,0.304479,15.115593,10.009606 
55,-3.005834,3.845634,7.725540,4.990014 
56,3.717734,-1.848197,11.085507,19.205763 
57,2.287244,-2.469009,18.861608,12.686121 
58,3.845535,-2.685829,14.130855,17.123148 
59,0.339130,0.977406,1.577609,16.018891 
60,3.240913,4.424474,1.013248,9.493378 
61,3.284622,-0.113510,8.500178,6.353148 
62,2.823621,2.983241,14.951740,8.907203 
63,-0.346242,0.349203,10.762269,1.624173 
64,3.659253,2.682367,13.686239,10.180423 
65,-1.427562,4.383682,18.061724,10.233681 
66,0.467409,0.769505,14.535685,15.123291 
67,-2.711370,2.108507,7.026021,12.237330 
68,-1.517016,-2.534918,17.701779,19.941353 
69,0.772592,1.168071,0.654079,5.317722 
70,0.552366,0.170477,3.416874,8.676146 
71,4.212372,0.729138,10.844720,17.671670 
72,-2.594488,-1.563794,12.160502,0.658142 
73,-0.381655,-0.141104,0.607170,13.284333 
74,-3.540657,2.904836,6.748388,18.353893 
75,-1.025134,3.404491,0.965131,6.381091 
76,-0.658656,-0.079823,19.600624,8.734186 
77,2.192156,0.353910,7.415703,1.964247 
78,1.170524,-1.553833,17.749102,7.162208 
79,-3.413743,-0.809628,13.183950,5.229226 
80,0.199446,-1.125617,4.988798,16.657131 
81,-0.821727,-0.643595,17.200758,4.202526 
82,2.298977,-0.433128,10.184948,15.056243 
83,-1.004308,1.261295,6.577720,7.640693 
84,0.209294,-0.599963,16.221458,10.296628 
85,-3.371408,0.273399,3.169168,18.165395 
86,0.167725,-1.717702,6.086732,14.865525 
87,0.454116,-4.248732,7.124399,7.573729 
88,0.359763,-0.586302,11.835359,6.077566 
89,0.305573,1.953488,4.233839,16.681571 
90,0.839419,1.743082,16.595948,8.585753 
91,-1.428438,3.029183,14.452275,9.555011 
92,4.025070,1.316521,19.840411,0.743341 
93,-2.290871,1.686367,12.392140,11.660211 
94,1.314291,2.169678,1.680751,6.548197 
95,3.368292,1.056504,19.983732,3.983969 
96,3.471515,3.090314,2.570351,10.536282 
97,-3.965988,-2.600471,18.452166,16.521728 
98,0.371809,-2.472246,5.896253,10.037962 
99,-3.213046,1.137032,2.971772,12.584925 


t = 0.006000
0,2.663421,1.292517,3.887804,6.429479 
1,-3.793180,-1.094035,7.594239,3.733186 
2,-0.269683,-1.634391,0.764973,9.642951 
3,0.872540,0.463473,0.691722,12.956163 
4,3.359324,4.050038,6.893502,19.785284 
5,0.680856,4.164423,2.611604,8.958682 
6,2.552229,0.879367,0.400837,19.684284 
7,-0.396421,1.317825,11.135293,16.494429 
8,0.332056,-0.677171,18.880334,13.978612 
9,-3.150341,1.208389,14.802532,3.812412 
10,0.655161,0.030493,5.504092,1.507486 
11,-2.667548,-2.116989,16.423771,2.634488 
12,-1.339085,-4.169506,8.740090,7.390383 
13,-2.213824,3.599292,3.394026,14.274131 
14,0.841248,1.124654,16.442384,11.338440 
15,-0.367774,-3.729341,14.227424,4.563340 
16,4.233399,3.749007,0.455670,5.464165 
17,-1.022257,-1.089088,12.498211,18.756144 
18,1.447474,-0.387299,6.586052,2.020588 
19,-1.071700,0.809334,9.443538,8.097292 
20,0.092328,0.401517,6.947593,18.660986 
21,-1.123558,1.941441,6.359462,2.640156 
22,-0.695761,0.303824,12.161463,5.100332 
23,1.304048,-1.136831,13.516376,5.377257 
24,-4.335009,-1.918664,11.936981,8.190699 
25,-1.230769,-2.480963,5.800634,14.576998 
26,-1.443094,-3.073596,1.565041,12.197987 
27,0.450334,0.610366,3.877298,19.835172 
28,1.045933,-0.417735,5.866322,9.016446 
29,0.035701,-0.346980,17.038651,7.396857 
30,-1.832915,-0.483140,5.865845,15.177635 
31,-0.047421,0.180761,10.162354,12.331238 
32,0.913462,4.265332,11.724626,12.759136 
33,-1.570113,-0.016344,10.416925,11.055474 
34,1.307501,-1.353972,10.567266,19.568791 
35,-3.266791,1.512924,18.778464,17.188473 
36,-0.038829,0.026406,9.877925,11.918579 
37,-2.446700,3.840466,15.933042,17.277633 
38,1.656768,1.631634,8.374817,2.584730 
39,1.803213,-1.503687,7.453663,8.601747 
40,0.275430,-0.333586,8.740981,4.057369 
41,-0.817424,-1.120839,15.296608,4.453276 
42,2.008059,-1.511512,1.876270,6.033724 
43,2.845186,-1.660588,0.874927,13.450604 
44,0.487262,-0.139452,18.917261,20.001725 
45,-4.704788,-1.640935,16.603069,7.552080 
46,0.299085,0.072807,9.046821,6.200724 
47,0.569365,-2.737195,9.360509,6.201510 
48,0.260987,0.887086,6.816862,12.655794 
49,-0.560997,-1.653226,1.512801,10.087848 
50,0.251008,-0.161514,7.869795,10.874773 
51,0.757746,-2.845703,19.890768,11.371046 
52,-1.386758,1.581456,19.658215,15.676695 
53,-0.991897,1.440787,6.876838,14.147682 
54,-1.450362,0.279406,15.114143,10.008155 
55,-2.979877,3.891367,7.722560,4.987035 
56,3.702987,-1.831702,11.089210,19.209466 
57,2.195380,-2.528973,18.863803,12.688317 
58,3.799790,-2.698775,14.134654,17.126948 
59,0.423682,1.086391,1.578033,16.019314 
60,3.328319,4.536390,1.016576,9.496706 
61,3.296448,-0.071449,8.503475,6.356444 
62,2.770758,2.957444,14.954511,8.909974 
63,-0.353639,0.368671,10.761915,1.623819 
64,3.618268,2.669394,13.689857,10.184041 
65,-1.507647,4.325217,18.060216,10.232174 
66,0.420945,0.749398,14.536106,15.123712 
67,-2.678815,2.162415,7.023342,12.234651 
68,-1.593470,-2.583801,17.700185,19.939759 
69,0.865946,1.287352,0.654945,5.318588 
70,0.618130,0.262919,3.417492,8.676764 
71,4.199477,0.745923,10.848920,17.675870 
72,-2.613811,-1.556115,12.157888,0.655528 
73,-0.286532,-0.020597,0.606883,13.284046 
74,-3.504280,2.960463,6.744884,18.350389 
75,-0.932845,3.518712,0.964198,6.380158 
76,-0.754881,-0.148560,19.599870,8.733431 
77,2.216034,0.407199,7.417919,1.966463 
78,1.091081,-1.602422,17.750193,7.163299 
79,-3.442523,-0.813172,13.180508,5.225784 
80,0.249766,-1.048048,4.989048,16.657381 
81,-0.893678,-0.687296,17.199865,4.201632 
82,2.294668,-0.408025,10.187243,15.058537 
83,-0.968848,1.321534,6.576751,7.639724 
84,0.146152,-0.634489,16.221604,10.296774 
85,-3.299155,0.367684,3.165869,18.162096 
86,0.207005,-1.650152,6.086939,14.865732 
87,0.482666,-4.188198,7.124881,7.574211 
88,0.340851,-0.576365,11.835700,6.077907 
89,0.363479,2.035814,4.234202,16.681934 
90,0.771975,1.702900,16.596720,8.586525 
91,-1.472006,3.009000,14.450803,9.553539 
92,3.921524,1.245056,19.844333,0.747263 
93,-2.312906,1.687837,12.389827,11.657898 
94,1.396787,2.278292,1.682148,6.549593 
95,3.263919,0.983581,19.986996,3.987233 
96,3.542824,3.188735,2.573894,10.539825 
97,-4.047515,-2.655624,18.448118,16.517680 
98,0.412644,-2.401371,5.896666,10.038374 
99,-3.139008,1.233320,2.968633,12.581786 
